0 info it worked if it ends with ok
1 verbose cli [ '/usr/bin/node', '/usr/bin/npm', 'install', 'nodemailer--S' ]
2 info using npm@1.4.28
3 info using node@v0.10.37
4 verbose node symlink /usr/bin/node
5 warn package.json node-example@0.0.1 No description
6 warn package.json node-example@0.0.1 No repository field.
7 warn package.json node-example@0.0.1 No README data
8 warn package.json string_decoder@0.10.31 string_decoder is also the name of a node core module.
9 warn package.json util@0.10.3 util is also the name of a node core module.
10 verbose readDependencies using package.json deps
11 verbose cache add [ 'nodemailer--S', null ]
12 verbose cache add name=undefined spec="nodemailer--S" args=["nodemailer--S",null]
13 verbose parsed url { protocol: null,
13 verbose parsed url   slashes: null,
13 verbose parsed url   auth: null,
13 verbose parsed url   host: null,
13 verbose parsed url   port: null,
13 verbose parsed url   hostname: null,
13 verbose parsed url   hash: null,
13 verbose parsed url   search: null,
13 verbose parsed url   query: null,
13 verbose parsed url   pathname: 'nodemailer--S',
13 verbose parsed url   path: 'nodemailer--S',
13 verbose parsed url   href: 'nodemailer--S' }
14 silly lockFile f698abf4-nodemailer-S nodemailer--S
15 verbose lock nodemailer--S /home/vanessa/.npm/f698abf4-nodemailer-S.lock
16 silly lockFile f698abf4-nodemailer-S nodemailer--S
17 silly lockFile f698abf4-nodemailer-S nodemailer--S
18 verbose addNamed [ 'nodemailer--S', '' ]
19 verbose addNamed [ null, '*' ]
20 silly lockFile 15c409bf-nodemailer-S nodemailer--S@
21 verbose lock nodemailer--S@ /home/vanessa/.npm/15c409bf-nodemailer-S.lock
22 silly addNameRange { name: 'nodemailer--S', range: '*', hasData: false }
23 verbose request where is /nodemailer--S
24 verbose request registry https://registry.npmjs.org/
25 verbose request id 171f4ab0b40f15c8
26 verbose url raw /nodemailer--S
27 verbose url resolving [ 'https://registry.npmjs.org/', './nodemailer--S' ]
28 verbose url resolved https://registry.npmjs.org/nodemailer--S
29 verbose request where is https://registry.npmjs.org/nodemailer--S
30 info trying registry request attempt 1 at 10:25:58
31 http GET https://registry.npmjs.org/nodemailer--S
32 http 404 https://registry.npmjs.org/nodemailer--S
33 silly registry.get cb [ 404,
33 silly registry.get   { 'content-type': 'application/json',
33 silly registry.get     'cache-control': 'max-age=0',
33 silly registry.get     'content-length': '2',
33 silly registry.get     'accept-ranges': 'bytes',
33 silly registry.get     date: 'Fri, 05 Aug 2016 13:25:59 GMT',
33 silly registry.get     via: '1.1 varnish',
33 silly registry.get     age: '0',
33 silly registry.get     connection: 'keep-alive',
33 silly registry.get     'x-served-by': 'cache-iad2132-IAD',
33 silly registry.get     'x-cache': 'MISS',
33 silly registry.get     'x-cache-hits': '0',
33 silly registry.get     'x-timer': 'S1470403559.559552,VS0,VE25',
33 silly registry.get     vary: 'Accept-Encoding' } ]
34 silly lockFile 15c409bf-nodemailer-S nodemailer--S@
35 silly lockFile 15c409bf-nodemailer-S nodemailer--S@
36 error 404 Not Found
36 error 404
36 error 404 'nodemailer--S' is not in the npm registry.
36 error 404 You should bug the author to publish it
36 error 404 It was specified as a dependency of 'node-example'
36 error 404
36 error 404 Note that you can also install from a
36 error 404 tarball, folder, or http url, or git url.
37 error System Linux 3.13.0-92-generic
38 error command "/usr/bin/node" "/usr/bin/npm" "install" "nodemailer--S"
39 error cwd /home/vanessa/Projetos/appnowa_laboratorio_backend
40 error node -v v0.10.37
41 error npm -v 1.4.28
42 error code E404
43 verbose exit [ 1, true ]
